<?xml version="1.0" encoding="UTF-8"?>
<testng-results ignored="0" total="1" passed="1" failed="0" skipped="0">
  <reporter-output>
  </reporter-output>
  <suite started-at="2023-07-10T16:25:52 IST" name="Suite" finished-at="2023-07-10T16:26:27 IST" duration-ms="34740">
    <groups>
      <group name="cucumber">
        <method signature="AbstractTestNGCucumberTests.runScenario(io.cucumber.testng.PickleWrapper, io.cucumber.testng.FeatureWrapper)[pri:0, instance:cucumber.Runner.TestRunner@6bedbc4d]" name="runScenario" class="io.cucumber.testng.AbstractTestNGCucumberTests"/>
      </group> <!-- cucumber -->
    </groups>
    <test started-at="2023-07-10T16:25:52 IST" name="Test" finished-at="2023-07-10T16:26:27 IST" duration-ms="34740">
      <class name="cucumber.Runner.TestRunner">
        <test-method is-config="true" signature="setUpClass()[pri:0, instance:cucumber.Runner.TestRunner@6bedbc4d]" started-at="2023-07-10T16:25:52 IST" name="setUpClass" finished-at="2023-07-10T16:25:53 IST" duration-ms="916" status="PASS">
          <reporter-output>
          </reporter-output>
        </test-method> <!-- setUpClass -->
        <test-method signature="runScenario(io.cucumber.testng.PickleWrapper, io.cucumber.testng.FeatureWrapper)[pri:0, instance:cucumber.Runner.TestRunner@6bedbc4d]" started-at="2023-07-10T16:25:53 IST" name="runScenario" description="Runs Cucumber Scenarios" data-provider="scenarios" finished-at="2023-07-10T16:26:24 IST" duration-ms="31068" status="PASS">
          <params>
            <param index="0">
              <value>
                <![CDATA["Open Google name"]]>
              </value>
            </param>
            <param index="1">
              <value>
                <![CDATA["Optional[Google Test]"]]>
              </value>
            </param>
          </params>
          <reporter-output>
          </reporter-output>
        </test-method> <!-- runScenario -->
        <test-method is-config="true" signature="tearDownClass()[pri:0, instance:cucumber.Runner.TestRunner@6bedbc4d]" started-at="2023-07-10T16:26:25 IST" name="tearDownClass" finished-at="2023-07-10T16:26:27 IST" duration-ms="2667" status="PASS">
          <reporter-output>
          </reporter-output>
        </test-method> <!-- tearDownClass -->
      </class> <!-- cucumber.Runner.TestRunner -->
    </test> <!-- Test -->
  </suite> <!-- Suite -->
</testng-results>
